<?xml version="1.0" encoding="UTF-8"?>
<!-- Generated by org.testng.reporters.JUnitXMLReporter -->
<testsuite ignored="1" hostname="QSINBNB342" failures="0" tests="1" name="Test" time="7.296" errors="0" timestamp="2024-04-14T00:27:34 IST">
  <testcase classname="TestCases.TC001_LoginwithValidCredentials" name="verifyLogin" time="2.977"/>
  <testcase classname="TestCases.TC002_LoginDDT" name="verifyLoginusingDDT" time="0.0">
    <ignored/>
  </testcase> <!-- verifyLoginusingDDT -->
</testsuite> <!-- Test -->
