<?xml version="1.0" encoding="UTF-8"?>
<testng-results ignored="0" total="1" passed="1" failed="0" skipped="0">
  <reporter-output>
  </reporter-output>
  <suite started-at="2024-04-13T23:39:56 IST" name="Suite" finished-at="2024-04-13T23:40:09 IST" duration-ms="12921">
    <groups>
      <group name="Sanity">
        <method signature="TC001_LoginwithValidCredentials.verifyLogin()[pri:0, instance:TestCases.TC001_LoginwithValidCredentials@738dc9b]" name="verifyLogin" class="TestCases.TC001_LoginwithValidCredentials"/>
      </group> <!-- Sanity -->
      <group name="Regression">
        <method signature="TC001_LoginwithValidCredentials.verifyLogin()[pri:0, instance:TestCases.TC001_LoginwithValidCredentials@738dc9b]" name="verifyLogin" class="TestCases.TC001_LoginwithValidCredentials"/>
      </group> <!-- Regression -->
    </groups>
    <test started-at="2024-04-13T23:39:56 IST" name="Test" finished-at="2024-04-13T23:40:09 IST" duration-ms="12921">
      <class name="TestCases.TC001_LoginwithValidCredentials">
        <test-method is-config="true" signature="setup(java.lang.String,java.lang.String)[pri:0, instance:TestCases.TC001_LoginwithValidCredentials@738dc9b]" started-at="2024-04-13T23:39:56 IST" name="setup" finished-at="2024-04-13T23:40:04 IST" duration-ms="7380" status="PASS">
          <params>
            <param index="0">
              <value>
                <![CDATA[windows]]>
              </value>
            </param>
            <param index="1">
              <value>
                <![CDATA[edge]]>
              </value>
            </param>
          </params>
          <reporter-output>
          </reporter-output>
        </test-method> <!-- setup -->
        <test-method signature="verifyLogin()[pri:0, instance:TestCases.TC001_LoginwithValidCredentials@738dc9b]" started-at="2024-04-13T23:40:04 IST" name="verifyLogin" finished-at="2024-04-13T23:40:07 IST" duration-ms="3442" status="PASS">
          <reporter-output>
          </reporter-output>
        </test-method> <!-- verifyLogin -->
        <test-method is-config="true" signature="tearDown()[pri:0, instance:TestCases.TC001_LoginwithValidCredentials@738dc9b]" started-at="2024-04-13T23:40:07 IST" name="tearDown" finished-at="2024-04-13T23:40:09 IST" duration-ms="1393" status="PASS">
          <reporter-output>
          </reporter-output>
        </test-method> <!-- tearDown -->
      </class> <!-- TestCases.TC001_LoginwithValidCredentials -->
    </test> <!-- Test -->
  </suite> <!-- Suite -->
</testng-results>
